#
# There is insufficient memory for the Java Runtime Environment to continue.
# Native memory allocation (malloc) failed to allocate 32744 bytes for ChunkPool::allocate
# Possible reasons:
#   The system is out of physical RAM or swap space
#   The process is running with CompressedOops enabled, and the Java Heap may be blocking the growth of the native heap
# Possible solutions:
#   Reduce memory load on the system
#   Increase physical memory or swap space
#   Check if swap backing store is full
#   Decrease Java heap size (-Xmx/-Xms)
#   Decrease number of Java threads
#   Decrease Java thread stack sizes (-Xss)
#   Set larger code cache with -XX:ReservedCodeCacheSize=
#   JVM is running with Unscaled Compressed Oops mode in which the Java heap is
#     placed in the first 4GB address space. The Java Heap base address is the
#     maximum limit for the native heap growth. Please use -XX:HeapBaseMinAddress
#     to set the Java Heap base and to place the Java Heap above 4GB virtual address.
# This output file may be truncated or incomplete.
#
#  Out of Memory Error (t:/workspace/open/src/hotspot/share/memory/arena.cpp:81), pid=3648, tid=9156
#
# JRE version: Java(TM) SE Runtime Environment (11.0.1+13) (build 11.0.1+13-LTS)
# Java VM: Java HotSpot(TM) 64-Bit Server VM (11.0.1+13-LTS, mixed mode, tiered, compressed oops, g1 gc, windows-amd64)
# No core dump will be written. Minidumps are not enabled by default on client versions of Windows
#

---------------  S U M M A R Y ------------

Command Line: -agentlib:jdwp=transport=dt_socket,suspend=y,address=localhost:57635 -javaagent:C:\Program Files\eclipse\configuration\org.eclipse.osgi\174\0\.cp\lib\javaagent-shaded.jar -Dfile.encoding=Cp1252 --module-path=D:\Workspace\MagiWorld\bin -Djdk.module.main=magiWorld magiWorld/com.nelson.acteurs.Jouer

Host: Intel(R) Core(TM) i5-4210U CPU @ 1.70GHz, 4 cores, 3G,  Windows 10 , 64 bit Build 17134 (10.0.17134.1)
Time: Tue Nov 20 03:29:59 2018 Paris, Madrid elapsed time: 0 seconds (0d 0h 0m 0s)

---------------  T H R E A D  ---------------

Current thread (0x000002854771a800):  JavaThread "main" [_thread_in_vm, id=9156, stack(0x000000921b500000,0x000000921b600000)]

Stack: [0x000000921b500000,0x000000921b600000]
Native frames: (J=compiled Java code, j=interpreted, Vv=VM code, C=native code)
V  [jvm.dll+0x63c21a]
V  [jvm.dll+0x7797df]
V  [jvm.dll+0x77adca]
V  [jvm.dll+0x77b483]
V  [jvm.dll+0x2627f8]
V  [jvm.dll+0xc5e9b]
V  [jvm.dll+0xc61fc]
V  [jvm.dll+0x69ac5d]
V  [jvm.dll+0x69bf0d]
V  [jvm.dll+0x37b82d]
V  [jvm.dll+0x37a9ca]
V  [jvm.dll+0x37a968]
V  [jvm.dll+0x739757]
V  [jvm.dll+0x3e467d]
V  [jvm.dll+0x3e6951]
C  [javaw.exe+0x3613]
C  [javaw.exe+0x17e2c]
C  [KERNEL32.DLL+0x13034]
C  [ntdll.dll+0x71471]


---------------  P R O C E S S  ---------------

Threads class SMR info:
_java_thread_list=0x00000285634b5180, length=8, elements={
0x000002854771a800, 0x000002856344b000, 0x0000028563454000, 0x00000285634b7800,
0x00000285634b9000, 0x00000285634bb000, 0x000002856346c800, 0x00000285634c0800
}

Java Threads: ( => current thread )
=>0x000002854771a800 JavaThread "main" [_thread_in_vm, id=9156, stack(0x000000921b500000,0x000000921b600000)]
  0x000002856344b000 JavaThread "Reference Handler" daemon [_thread_blocked, id=11872, stack(0x000000921bc00000,0x000000921bd00000)]
  0x0000028563454000 JavaThread "Finalizer" daemon [_thread_blocked, id=11628, stack(0x000000921bd00000,0x000000921be00000)]
  0x00000285634b7800 JavaThread "Signal Dispatcher" daemon [_thread_blocked, id=12396, stack(0x000000921be00000,0x000000921bf00000)]
  0x00000285634b9000 JavaThread "Attach Listener" daemon [_thread_blocked, id=14140, stack(0x000000921bf00000,0x000000921c000000)]
  0x00000285634bb000 JavaThread "C2 CompilerThread0" daemon [_thread_blocked, id=13456, stack(0x000000921c000000,0x000000921c100000)]
  0x000002856346c800 JavaThread "C1 CompilerThread0" daemon [_thread_blocked, id=7572, stack(0x000000921c100000,0x000000921c200000)]
  0x00000285634c0800 JavaThread "Sweeper thread" daemon [_thread_blocked, id=1020, stack(0x000000921c200000,0x000000921c300000)]

Other Threads:
  0x0000028563426000 VMThread "VM Thread" [stack: 0x000000921bb00000,0x000000921bc00000] [id=11944]
  0x000002854772f000 GCTaskThread "GC Thread#0" [stack: 0x000000921b600000,0x000000921b700000] [id=14816]
  0x000002854774d000 ConcurrentGCThread "G1 Main Marker" [stack: 0x000000921b700000,0x000000921b800000] [id=15164]
  0x000002854774e800 ConcurrentGCThread "G1 Conc#0" [stack: 0x000000921b800000,0x000000921b900000] [id=15144]
  0x00000285477ae800 ConcurrentGCThread "G1 Refine#0" [stack: 0x000000921b900000,0x000000921ba00000] [id=14696]
  0x00000285477b1800 ConcurrentGCThread "G1 Young RemSet Sampling" [stack: 0x000000921ba00000,0x000000921bb00000] [id=12104]

Threads with active compile tasks:

VM state:not at safepoint (normal execution)

VM Mutex/Monitor currently owned by a thread: None

Heap address: 0x00000000c1400000, size: 1004 MB, Compressed Oops mode: 32-bit
Narrow klass base: 0x0000000000000000, Narrow klass shift: 3
Compressed class space size: 1073741824 Address: 0x0000000100000000

Heap:
 garbage-first heap   total 65536K, used 0K [0x00000000c1400000, 0x0000000100000000)
  region size 1024K, 1 young (1024K), 0 survivors (0K)
 Metaspace       used 2262K, capacity 2504K, committed 2688K, reserved 1060864K
  class space    used 186K, capacity 384K, committed 384K, reserved 1048576K
Heap Regions: E=young(eden), S=young(survivor), O=old, HS=humongous(starts), HC=humongous(continues), CS=collection set, F=free, A=archive, TAMS=top-at-mark-start (previous, next)
|   0|0x00000000c1400000, 0x00000000c1400000, 0x00000000c1500000|  0%| F|  |TAMS 0x00000000c1400000, 0x00000000c1400000| Untracked 
|   1|0x00000000c1500000, 0x00000000c1500000, 0x00000000c1600000|  0%| F|  |TAMS 0x00000000c1500000, 0x00000000c1500000| Untracked 
|   2|0x00000000c1600000, 0x00000000c1600000, 0x00000000c1700000|  0%| F|  |TAMS 0x00000000c1600000, 0x00000000c1600000| Untracked 
|   3|0x00000000c1700000, 0x00000000c1700000, 0x00000000c1800000|  0%| F|  |TAMS 0x00000000c1700000, 0x00000000c1700000| Untracked 
|   4|0x00000000c1800000, 0x00000000c1800000, 0x00000000c1900000|  0%| F|  |TAMS 0x00000000c1800000, 0x00000000c1800000| Untracked 
|   5|0x00000000c1900000, 0x00000000c1900000, 0x00000000c1a00000|  0%| F|  |TAMS 0x00000000c1900000, 0x00000000c1900000| Untracked 
|   6|0x00000000c1a00000, 0x00000000c1a00000, 0x00000000c1b00000|  0%| F|  |TAMS 0x00000000c1a00000, 0x00000000c1a00000| Untracked 
|   7|0x00000000c1b00000, 0x00000000c1b00000, 0x00000000c1c00000|  0%| F|  |TAMS 0x00000000c1b00000, 0x00000000c1b00000| Untracked 
|   8|0x00000000c1c00000, 0x00000000c1c00000, 0x00000000c1d00000|  0%| F|  |TAMS 0x00000000c1c00000, 0x00000000c1c00000| Untracked 
|   9|0x00000000c1d00000, 0x00000000c1d00000, 0x00000000c1e00000|  0%| F|  |TAMS 0x00000000c1d00000, 0x00000000c1d00000| Untracked 
|  10|0x00000000c1e00000, 0x00000000c1e00000, 0x00000000c1f00000|  0%| F|  |TAMS 0x00000000c1e00000, 0x00000000c1e00000| Untracked 
|  11|0x00000000c1f00000, 0x00000000c1f00000, 0x00000000c2000000|  0%| F|  |TAMS 0x00000000c1f00000, 0x00000000c1f00000| Untracked 
|  12|0x00000000c2000000, 0x00000000c2000000, 0x00000000c2100000|  0%| F|  |TAMS 0x00000000c2000000, 0x00000000c2000000| Untracked 
|  13|0x00000000c2100000, 0x00000000c2100000, 0x00000000c2200000|  0%| F|  |TAMS 0x00000000c2100000, 0x00000000c2100000| Untracked 
|  14|0x00000000c2200000, 0x00000000c2200000, 0x00000000c2300000|  0%| F|  |TAMS 0x00000000c2200000, 0x00000000c2200000| Untracked 
|  15|0x00000000c2300000, 0x00000000c2300000, 0x00000000c2400000|  0%| F|  |TAMS 0x00000000c2300000, 0x00000000c2300000| Untracked 
|  16|0x00000000c2400000, 0x00000000c2400000, 0x00000000c2500000|  0%| F|  |TAMS 0x00000000c2400000, 0x00000000c2400000| Untracked 
|  17|0x00000000c2500000, 0x00000000c2500000, 0x00000000c2600000|  0%| F|  |TAMS 0x00000000c2500000, 0x00000000c2500000| Untracked 
|  18|0x00000000c2600000, 0x00000000c2600000, 0x00000000c2700000|  0%| F|  |TAMS 0x00000000c2600000, 0x00000000c2600000| Untracked 
|  19|0x00000000c2700000, 0x00000000c2700000, 0x00000000c2800000|  0%| F|  |TAMS 0x00000000c2700000, 0x00000000c2700000| Untracked 
|  20|0x00000000c2800000, 0x00000000c2800000, 0x00000000c2900000|  0%| F|  |TAMS 0x00000000c2800000, 0x00000000c2800000| Untracked 
|  21|0x00000000c2900000, 0x00000000c2900000, 0x00000000c2a00000|  0%| F|  |TAMS 0x00000000c2900000, 0x00000000c2900000| Untracked 
|  22|0x00000000c2a00000, 0x00000000c2a00000, 0x00000000c2b00000|  0%| F|  |TAMS 0x00000000c2a00000, 0x00000000c2a00000| Untracked 
|  23|0x00000000c2b00000, 0x00000000c2b00000, 0x00000000c2c00000|  0%| F|  |TAMS 0x00000000c2b00000, 0x00000000c2b00000| Untracked 
|  24|0x00000000c2c00000, 0x00000000c2c00000, 0x00000000c2d00000|  0%| F|  |TAMS 0x00000000c2c00000, 0x00000000c2c00000| Untracked 
|  25|0x00000000c2d00000, 0x00000000c2d00000, 0x00000000c2e00000|  0%| F|  |TAMS 0x00000000c2d00000, 0x00000000c2d00000| Untracked 
|  26|0x00000000c2e00000, 0x00000000c2e00000, 0x00000000c2f00000|  0%| F|  |TAMS 0x00000000c2e00000, 0x00000000c2e00000| Untracked 
|  27|0x00000000c2f00000, 0x00000000c2f00000, 0x00000000c3000000|  0%| F|  |TAMS 0x00000000c2f00000, 0x00000000c2f00000| Untracked 
|  28|0x00000000c3000000, 0x00000000c3000000, 0x00000000c3100000|  0%| F|  |TAMS 0x00000000c3000000, 0x00000000c3000000| Untracked 
|  29|0x00000000c3100000, 0x00000000c3100000, 0x00000000c3200000|  0%| F|  |TAMS 0x00000000c3100000, 0x00000000c3100000| Untracked 
|  30|0x00000000c3200000, 0x00000000c3200000, 0x00000000c3300000|  0%| F|  |TAMS 0x00000000c3200000, 0x00000000c3200000| Untracked 
|  31|0x00000000c3300000, 0x00000000c3300000, 0x00000000c3400000|  0%| F|  |TAMS 0x00000000c3300000, 0x00000000c3300000| Untracked 
|  32|0x00000000c3400000, 0x00000000c3400000, 0x00000000c3500000|  0%| F|  |TAMS 0x00000000c3400000, 0x00000000c3400000| Untracked 
|  33|0x00000000c3500000, 0x00000000c3500000, 0x00000000c3600000|  0%| F|  |TAMS 0x00000000c3500000, 0x00000000c3500000| Untracked 
|  34|0x00000000c3600000, 0x00000000c3600000, 0x00000000c3700000|  0%| F|  |TAMS 0x00000000c3600000, 0x00000000c3600000| Untracked 
|  35|0x00000000c3700000, 0x00000000c3700000, 0x00000000c3800000|  0%| F|  |TAMS 0x00000000c3700000, 0x00000000c3700000| Untracked 
|  36|0x00000000c3800000, 0x00000000c3800000, 0x00000000c3900000|  0%| F|  |TAMS 0x00000000c3800000, 0x00000000c3800000| Untracked 
|  37|0x00000000c3900000, 0x00000000c3900000, 0x00000000c3a00000|  0%| F|  |TAMS 0x00000000c3900000, 0x00000000c3900000| Untracked 
|  38|0x00000000c3a00000, 0x00000000c3a00000, 0x00000000c3b00000|  0%| F|  |TAMS 0x00000000c3a00000, 0x00000000c3a00000| Untracked 
|  39|0x00000000c3b00000, 0x00000000c3b00000, 0x00000000c3c00000|  0%| F|  |TAMS 0x00000000c3b00000, 0x00000000c3b00000| Untracked 
|  40|0x00000000c3c00000, 0x00000000c3c00000, 0x00000000c3d00000|  0%| F|  |TAMS 0x00000000c3c00000, 0x00000000c3c00000| Untracked 
|  41|0x00000000c3d00000, 0x00000000c3d00000, 0x00000000c3e00000|  0%| F|  |TAMS 0x00000000c3d00000, 0x00000000c3d00000| Untracked 
|  42|0x00000000c3e00000, 0x00000000c3e00000, 0x00000000c3f00000|  0%| F|  |TAMS 0x00000000c3e00000, 0x00000000c3e00000| Untracked 
|  43|0x00000000c3f00000, 0x00000000c3f00000, 0x00000000c4000000|  0%| F|  |TAMS 0x00000000c3f00000, 0x00000000c3f00000| Untracked 
|  44|0x00000000c4000000, 0x00000000c4000000, 0x00000000c4100000|  0%| F|  |TAMS 0x00000000c4000000, 0x00000000c4000000| Untracked 
|  45|0x00000000c4100000, 0x00000000c4100000, 0x00000000c4200000|  0%| F|  |TAMS 0x00000000c4100000, 0x00000000c4100000| Untracked 
|  46|0x00000000c4200000, 0x00000000c4200000, 0x00000000c4300000|  0%| F|  |TAMS 0x00000000c4200000, 0x00000000c4200000| Untracked 
|  47|0x00000000c4300000, 0x00000000c4300000, 0x00000000c4400000|  0%| F|  |TAMS 0x00000000c4300000, 0x00000000c4300000| Untracked 
|  48|0x00000000c4400000, 0x00000000c4400000, 0x00000000c4500000|  0%| F|  |TAMS 0x00000000c4400000, 0x00000000c4400000| Untracked 
|  49|0x00000000c4500000, 0x00000000c4500000, 0x00000000c4600000|  0%| F|  |TAMS 0x00000000c4500000, 0x00000000c4500000| Untracked 
|  50|0x00000000c4600000, 0x00000000c4600000, 0x00000000c4700000|  0%| F|  |TAMS 0x00000000c4600000, 0x00000000c4600000| Untracked 
|  51|0x00000000c4700000, 0x00000000c4700000, 0x00000000c4800000|  0%| F|  |TAMS 0x00000000c4700000, 0x00000000c4700000| Untracked 
|  52|0x00000000c4800000, 0x00000000c4800000, 0x00000000c4900000|  0%| F|  |TAMS 0x00000000c4800000, 0x00000000c4800000| Untracked 
|  53|0x00000000c4900000, 0x00000000c4900000, 0x00000000c4a00000|  0%| F|  |TAMS 0x00000000c4900000, 0x00000000c4900000| Untracked 
|  54|0x00000000c4a00000, 0x00000000c4a00000, 0x00000000c4b00000|  0%| F|  |TAMS 0x00000000c4a00000, 0x00000000c4a00000| Untracked 
|  55|0x00000000c4b00000, 0x00000000c4b00000, 0x00000000c4c00000|  0%| F|  |TAMS 0x00000000c4b00000, 0x00000000c4b00000| Untracked 
|  56|0x00000000c4c00000, 0x00000000c4c00000, 0x00000000c4d00000|  0%| F|  |TAMS 0x00000000c4c00000, 0x00000000c4c00000| Untracked 
|  57|0x00000000c4d00000, 0x00000000c4d00000, 0x00000000c4e00000|  0%| F|  |TAMS 0x00000000c4d00000, 0x00000000c4d00000| Untracked 
|  58|0x00000000c4e00000, 0x00000000c4e00000, 0x00000000c4f00000|  0%| F|  |TAMS 0x00000000c4e00000, 0x00000000c4e00000| Untracked 
|  59|0x00000000c4f00000, 0x00000000c4f00000, 0x00000000c5000000|  0%| F|  |TAMS 0x00000000c4f00000, 0x00000000c4f00000| Untracked 
|  60|0x00000000c5000000, 0x00000000c5000000, 0x00000000c5100000|  0%| F|  |TAMS 0x00000000c5000000, 0x00000000c5000000| Untracked 
|  61|0x00000000c5100000, 0x00000000c5100000, 0x00000000c5200000|  0%| F|  |TAMS 0x00000000c5100000, 0x00000000c5100000| Untracked 
|  62|0x00000000c5200000, 0x00000000c5200000, 0x00000000c5300000|  0%| F|  |TAMS 0x00000000c5200000, 0x00000000c5200000| Untracked 
|  63|0x00000000c5300000, 0x00000000c538f690, 0x00000000c5400000| 56%| E|  |TAMS 0x00000000c5300000, 0x00000000c5300000| Complete 

Card table byte_map: [0x000002855ec40000,0x000002855ee40000] _byte_map_base: 0x000002855e636000

Marking Bits (Prev, Next): (CMBitMap*) 0x00000285477472f8, (CMBitMap*) 0x0000028547747330
 Prev Bits: [0x000002855f040000, 0x000002855fff0000)
 Next Bits: [0x000002855fff0000, 0x0000028560fa0000)

Polling page: 0x00000285455b0000

Metaspace:

Usage:
  Non-class:      2.07 MB capacity,     2.03 MB ( 98%) used,    41.63 KB (  2%) free+waste,     2.19 KB ( <1%) overhead. 
      Class:    384.00 KB capacity,   186.12 KB ( 48%) used,   197.82 KB ( 52%) free+waste,    64 bytes ( <1%) overhead. 
       Both:      2.45 MB capacity,     2.21 MB ( 90%) used,   239.45 KB ( 10%) free+waste,     2.25 KB ( <1%) overhead. 

Virtual space:
  Non-class space:       12.00 MB reserved,       2.25 MB ( 19%) committed 
      Class space:        1.00 GB reserved,     384.00 KB ( <1%) committed 
             Both:        1.01 GB reserved,       2.63 MB ( <1%) committed 

Chunk freelists:
   Non-Class:  7.00 KB
       Class:  0 bytes
        Both:  7.00 KB

CodeHeap 'non-profiled nmethods': size=120064Kb used=0Kb max_used=0Kb free=120064Kb
 bounds [0x0000028557500000, 0x0000028557770000, 0x000002855ea40000]
CodeHeap 'profiled nmethods': size=120000Kb used=0Kb max_used=0Kb free=120000Kb
 bounds [0x000002854ffd0000, 0x0000028550240000, 0x0000028557500000]
CodeHeap 'non-nmethods': size=5696Kb used=1050Kb max_used=1062Kb free=4645Kb
 bounds [0x000002854fa40000, 0x000002854fcb0000, 0x000002854ffd0000]
 total_blobs=249 nmethods=0 adapters=125
 compilation: enabled
              stopped_count=0, restarted_count=0
 full_count=0

Compilation events (0 events):
No events

GC Heap History (0 events):
No events

Deoptimization events (0 events):
No events

Classes redefined (0 events):
No events

Internal exceptions (0 events):
No events

Events (10 events):
Event: 0.115 loading class jdk/internal/misc/JavaLangAccess
Event: 0.115 loading class jdk/internal/misc/JavaLangAccess done
Event: 0.115 loading class java/lang/System$2 done
Event: 0.115 loading class java/lang/IllegalArgumentException
Event: 0.115 loading class java/lang/IllegalArgumentException done
Event: 0.116 Thread 0x00000285634b7800 Thread added: 0x00000285634b7800
Event: 0.116 Thread 0x00000285634b9000 Thread added: 0x00000285634b9000
Event: 0.116 Thread 0x00000285634bb000 Thread added: 0x00000285634bb000
Event: 0.117 Thread 0x000002856346c800 Thread added: 0x000002856346c800
Event: 0.117 Thread 0x00000285634c0800 Thread added: 0x00000285634c0800


Dynamic libraries:
0x00007ff6e1810000 - 0x00007ff6e1857000 	C:\Program Files\Java\jdk-11.0.1\bin\javaw.exe
0x00007ffc39b30000 - 0x00007ffc39d11000 	C:\Windows\SYSTEM32\ntdll.dll
0x00007ffc1d8d0000 - 0x00007ffc1d8e4000 	C:\Program Files\AVAST Software\Avast\x64\aswhooka.dll
0x00007ffc37700000 - 0x00007ffc377b2000 	C:\Windows\System32\KERNEL32.DLL
0x00007ffc368e0000 - 0x00007ffc36b53000 	C:\Windows\System32\KERNELBASE.dll
0x00007ffc372f0000 - 0x00007ffc37391000 	C:\Windows\System32\ADVAPI32.dll
0x00007ffc39340000 - 0x00007ffc393de000 	C:\Windows\System32\msvcrt.dll
0x00007ffc371c0000 - 0x00007ffc3721b000 	C:\Windows\System32\sechost.dll
0x00007ffc37a40000 - 0x00007ffc37b64000 	C:\Windows\System32\RPCRT4.dll
0x00007ffc37560000 - 0x00007ffc376f0000 	C:\Windows\System32\USER32.dll
0x00007ffc36e00000 - 0x00007ffc36e20000 	C:\Windows\System32\win32u.dll
0x00007ffc39620000 - 0x00007ffc39648000 	C:\Windows\System32\GDI32.dll
0x00007ffc35fb0000 - 0x00007ffc36142000 	C:\Windows\System32\gdi32full.dll
0x00007ffc36e20000 - 0x00007ffc36ebf000 	C:\Windows\System32\msvcp_win.dll
0x00007ffc36ec0000 - 0x00007ffc36fba000 	C:\Windows\System32\ucrtbase.dll
0x00007ffc2b7a0000 - 0x00007ffc2ba09000 	C:\Windows\WinSxS\amd64_microsoft.windows.common-controls_6595b64144ccf1df_6.0.17134.407_none_fb449d63306391e9\COMCTL32.dll
0x00007ffc37b70000 - 0x00007ffc37e92000 	C:\Windows\System32\combase.dll
0x00007ffc36860000 - 0x00007ffc368da000 	C:\Windows\System32\bcryptPrimitives.dll
0x00007ffc240e0000 - 0x00007ffc240ea000 	C:\Windows\SYSTEM32\VERSION.dll
0x00007ffc37a10000 - 0x00007ffc37a3d000 	C:\Windows\System32\IMM32.DLL
0x00007ffc323e0000 - 0x00007ffc323f6000 	C:\Program Files\Java\jdk-11.0.1\bin\vcruntime140.dll
0x00007ffc1d9b0000 - 0x00007ffc1da5a000 	C:\Program Files\Java\jdk-11.0.1\bin\msvcp140.dll
0x00007ffbf4220000 - 0x00007ffbf4d62000 	C:\Program Files\Java\jdk-11.0.1\bin\server\jvm.dll
0x00007ffc376f0000 - 0x00007ffc376f8000 	C:\Windows\System32\PSAPI.DLL
0x00007ffc0aa10000 - 0x00007ffc0aa19000 	C:\Windows\SYSTEM32\WSOCK32.dll
0x00007ffc379a0000 - 0x00007ffc37a0c000 	C:\Windows\System32\WS2_32.dll
0x00007ffc2c5d0000 - 0x00007ffc2c5f3000 	C:\Windows\SYSTEM32\WINMM.dll
0x00007ffc2c5a0000 - 0x00007ffc2c5ca000 	C:\Windows\SYSTEM32\WINMMBASE.dll
0x00007ffc35f60000 - 0x00007ffc35fa9000 	C:\Windows\System32\cfgmgr32.dll
0x00007ffc35eb0000 - 0x00007ffc35ec1000 	C:\Windows\System32\kernel.appcore.dll
0x00007ffc06140000 - 0x00007ffc06151000 	C:\Program Files\Java\jdk-11.0.1\bin\verify.dll
0x00007ffc34760000 - 0x00007ffc34929000 	C:\Windows\SYSTEM32\DBGHELP.DLL
0x00007ffc218c0000 - 0x00007ffc218e9000 	C:\Windows\SYSTEM32\dbgcore.DLL
0x00007ffc06110000 - 0x00007ffc06139000 	C:\Program Files\Java\jdk-11.0.1\bin\java.dll
0x00007ffc24a20000 - 0x00007ffc24a57000 	C:\Program Files\Java\jdk-11.0.1\bin\jdwp.dll
0x00007ffc249f0000 - 0x00007ffc24a1f000 	C:\Program Files\Java\jdk-11.0.1\bin\instrument.dll
0x00007ffc060f0000 - 0x00007ffc06106000 	C:\Program Files\Java\jdk-11.0.1\bin\zip.dll
0x00007ffc060e0000 - 0x00007ffc060ea000 	C:\Program Files\Java\jdk-11.0.1\bin\jimage.dll
0x00007ffc37f00000 - 0x00007ffc3933f000 	C:\Windows\System32\SHELL32.dll
0x00007ffc37240000 - 0x00007ffc372e9000 	C:\Windows\System32\shcore.dll
0x00007ffc36150000 - 0x00007ffc3685d000 	C:\Windows\System32\windows.storage.dll
0x00007ffc37ea0000 - 0x00007ffc37ef1000 	C:\Windows\System32\shlwapi.dll
0x00007ffc35ee0000 - 0x00007ffc35eff000 	C:\Windows\System32\profapi.dll
0x00007ffc35e40000 - 0x00007ffc35e8c000 	C:\Windows\System32\powrprof.dll
0x00007ffc35ed0000 - 0x00007ffc35eda000 	C:\Windows\System32\FLTLIB.DLL

dbghelp: loaded successfully - version: 4.0.5 - missing functions: none
symbol engine: initialized successfully - sym options: 0x614 - pdb path: .;C:\Program Files\Java\jdk-11.0.1\bin;C:\Windows\SYSTEM32;C:\Program Files\AVAST Software\Avast\x64;C:\Windows\WinSxS\amd64_microsoft.windows.common-controls_6595b64144ccf1df_6.0.17134.407_none_fb449d63306391e9;C:\Program Files\Java\jdk-11.0.1\bin\server

VM Arguments:
jvm_args: -agentlib:jdwp=transport=dt_socket,suspend=y,address=localhost:57635 -javaagent:C:\Program Files\eclipse\configuration\org.eclipse.osgi\174\0\.cp\lib\javaagent-shaded.jar -Dfile.encoding=Cp1252 --module-path=D:\Workspace\MagiWorld\bin -Djdk.module.main=magiWorld 
java_command: magiWorld/com.nelson.acteurs.Jouer
java_class_path (initial): <not set>
Launcher Type: SUN_STANDARD

[Global flags]
     intx CICompilerCount                          = 3                                         {product} {ergonomic}
     uint ConcGCThreads                            = 1                                         {product} {ergonomic}
     uint G1ConcRefinementThreads                  = 4                                         {product} {ergonomic}
   size_t G1HeapRegionSize                         = 1048576                                   {product} {ergonomic}
    uintx GCDrainStackTargetSize                   = 64                                        {product} {ergonomic}
   size_t InitialHeapSize                          = 67108864                                  {product} {ergonomic}
   size_t MarkStackSize                            = 4194304                                   {product} {ergonomic}
   size_t MaxHeapSize                              = 1052770304                                {product} {ergonomic}
   size_t MaxNewSize                               = 631242752                                 {product} {ergonomic}
   size_t MinHeapDeltaBytes                        = 1048576                                   {product} {ergonomic}
    uintx NonNMethodCodeHeapSize                   = 5830092                                {pd product} {ergonomic}
    uintx NonProfiledCodeHeapSize                  = 122914074                              {pd product} {ergonomic}
    uintx ProfiledCodeHeapSize                     = 122914074                              {pd product} {ergonomic}
    uintx ReservedCodeCacheSize                    = 251658240                              {pd product} {ergonomic}
     bool SegmentedCodeCache                       = true                                      {product} {ergonomic}
     bool UseCompressedClassPointers               = true                                 {lp64_product} {ergonomic}
     bool UseCompressedOops                        = true                                 {lp64_product} {ergonomic}
     bool UseG1GC                                  = true                                      {product} {ergonomic}
     bool UseLargePagesIndividualAllocation        = false                                  {pd product} {ergonomic}

Logging:
Log output configuration:
 #0: stdout all=warning uptime,level,tags
 #1: stderr all=off uptime,level,tags

Environment Variables:
PATH=C:/Program Files/Java/jdk-11.0.1/bin/server;C:/Program Files/Java/jdk-11.0.1/bin;C:\Windows\system32;C:\Windows;C:\Windows\System32\Wbem;C:\Windows\System32\WindowsPowerShell\v1.0\;C:\Windows\System32\OpenSSH\;C:\Program Files\Java\jdk-11.0.1\bin;C:\Program Files\Java\jdk-11.0.1\lib;C:\Users\moise\AppData\Local\Microsoft\WindowsApps;;C:\Program Files\eclipse;
USERNAME=moise
OS=Windows_NT
PROCESSOR_IDENTIFIER=Intel64 Family 6 Model 69 Stepping 1, GenuineIntel



---------------  S Y S T E M  ---------------

OS: Windows 10 , 64 bit Build 17134 (10.0.17134.1)

CPU:total 4 (initial active 4) (2 cores per cpu, 2 threads per core) family 6 model 69 stepping 1, cmov, cx8, fxsr, mmx, sse, sse2, sse3, ssse3, sse4.1, sse4.2, popcnt, avx, avx2, aes, clmul, erms, lzcnt, ht, tsc, tscinvbit, bmi1, bmi2, fma

Memory: 4k page, system-wide physical 4008M (634M free)
TotalPageFile size 10187M (AvailPageFile size 2M)
current process WorkingSet (physical memory assigned to process): 22M, peak: 22M
current process commit charge ("private bytes"): 124M, peak: 124M

vm_info: Java HotSpot(TM) 64-Bit Server VM (11.0.1+13-LTS) for windows-amd64 JRE (11.0.1+13-LTS), built on Oct  6 2018 13:20:16 by "mach5one" with MS VC++ 15.5 (VS2017)

END.
